-------------------------------------------------------------------------------
Test set: Scenario: Valid Login
-------------------------------------------------------------------------------
Tests run: 5, Failures: 0, Errors: 1, Skipped: 4, Time elapsed: 0.043 sec <<< FAILURE! - in Scenario: Valid Login
Scenario: Valid Login  Time elapsed: 0 sec  <<< ERROR!
java.lang.ExceptionInInitializerError
Caused by: org.openqa.selenium.WebDriverException: 
Failed to connect to binary FirefoxBinary(C:\Program Files (x86)\Mozilla Firefox\firefox.exe) on port 7055; process output follows: 
,"description":"Ditt skydd på internet med tillägg från Kaspersky Lab","creator":null,"homepageURL":null},{"locales":["tr"],"name":"Kaspersky Protection","description":"Kaspersky Lab uzantısıyla İnternet üzerindeki korumanız","creator":null,"homepageURL":null},{"locales":["vi"],"name":"Kaspersky Protection","description":"Bảo vệ bạn trên Internet vơ�?i phần mở rộng từ Kaspersky Lab","creator":null,"homepageURL":null},{"locales":["zh-Hans"],"name":"�?�巴斯基�?护","description":"使用�?�巴斯基实验室的扩展功能对您的互�?�网的�?护。","creator":null,"homepageURL":null},{"locales":["zh-Hans-CN"],"name":"�?�巴斯基�?护","description":"使用�?�巴斯基实验室的扩展功能对您的互�?�网的�?护。","creator":null,"homepageURL":null}],"targetApplications":[{"id":"{ec8030f7-c20a-464f-9b0e-13a3a9e97384}","minVersion":"38.0a1","maxVersion":"43.0"}],"targetPlatforms":[],"multiprocessCompatible":false,"signedState":2,"seen":true}
1474269124051	DeferredSave.extensions.json	DEBUG	Save changes
1474269124051	addons.xpi	DEBUG	Updating database with changes to installed add-ons
1474269124051	addons.xpi-utils	DEBUG	Updating add-on states
1474269124052	addons.xpi-utils	DEBUG	Writing add-ons list
1474269124054	addons.xpi	DEBUG	Registering manifest for C:\Program Files (x86)\Mozilla Firefox\browser\features\e10srollout@mozilla.org.xpi
1474269124054	addons.xpi	DEBUG	Calling bootstrap method startup on e10srollout@mozilla.org version 1.1
1474269124054	addons.xpi	DEBUG	Registering manifest for C:\Program Files (x86)\Mozilla Firefox\browser\features\firefox@getpocket.com.xpi
1474269124055	addons.xpi	DEBUG	Calling bootstrap method startup on firefox@getpocket.com version 1.0.4
1474269124055	addons.xpi	DEBUG	Registering manifest for C:\Program Files (x86)\Mozilla Firefox\browser\features\loop@mozilla.org.xpi
1474269124056	addons.xpi	DEBUG	Calling bootstrap method startup on loop@mozilla.org version 1.4.4
1474269124070	addons.manager	DEBUG	Registering shutdown blocker for XPIProvider
1474269124070	addons.manager	DEBUG	Provider finished startup: XPIProvider
1474269124070	addons.manager	DEBUG	Starting provider: LightweightThemeManager
1474269124070	addons.manager	DEBUG	Registering shutdown blocker for LightweightThemeManager
1474269124070	addons.manager	DEBUG	Provider finished startup: LightweightThemeManager
1474269124071	addons.manager	DEBUG	Starting provider: GMPProvider
1474269124076	addons.manager	DEBUG	Registering shutdown blocker for GMPProvider
1474269124077	addons.manager	DEBUG	Provider finished startup: GMPProvider
1474269124077	addons.manager	DEBUG	Starting provider: PluginProvider
1474269124077	addons.manager	DEBUG	Registering shutdown blocker for PluginProvider
1474269124077	addons.manager	DEBUG	Provider finished startup: PluginProvider
1474269124077	addons.manager	DEBUG	Completed startup sequence
1474269125179	addons.manager	DEBUG	Starting provider: <unnamed-provider>
1474269125179	addons.manager	DEBUG	Registering shutdown blocker for <unnamed-provider>
1474269125179	addons.manager	DEBUG	Provider finished startup: <unnamed-provider>
1474269125438	DeferredSave.extensions.json	DEBUG	Write succeeded
1474269125438	addons.xpi-utils	DEBUG	XPI Database saved, setting schema version preference to 17
1474269125439	DeferredSave.extensions.json	DEBUG	Starting timer
1474269125449	addons.repository	DEBUG	No addons.json found.
1474269125449	DeferredSave.addons.json	DEBUG	Save changes
1474269125451	DeferredSave.addons.json	DEBUG	Starting timer
1474269125471	addons.manager	DEBUG	Starting provider: PreviousExperimentProvider
1474269125471	addons.manager	DEBUG	Registering shutdown blocker for PreviousExperimentProvider
1474269125471	addons.manager	DEBUG	Provider finished startup: PreviousExperimentProvider
1474269125474	DeferredSave.extensions.json	DEBUG	Starting write
1474269125510	DeferredSave.addons.json	DEBUG	Starting write
1474269125547	DeferredSave.extensions.json	DEBUG	Write succeeded
1474269125554	DeferredSave.addons.json	DEBUG	Write succeeded

Build info: version: '2.53.1', revision: 'a36b8b1cd5757287168e54b817830adce9b0158d', time: '2016-06-30 19:26:09'
System info: host: 'Saravanan', ip: '10.100.254.244', os.name: 'Windows 10', os.arch: 'amd64', os.version: '10.0', java.version: '1.8.0_101'
Driver info: driver.version: BrowserDriver
Caused by: org.openqa.selenium.firefox.NotConnectedException: 
Unable to connect to host 127.0.0.1 on port 7055 after 45000 ms. Firefox console output:
,"description":"Ditt skydd på internet med tillägg från Kaspersky Lab","creator":null,"homepageURL":null},{"locales":["tr"],"name":"Kaspersky Protection","description":"Kaspersky Lab uzantısıyla İnternet üzerindeki korumanız","creator":null,"homepageURL":null},{"locales":["vi"],"name":"Kaspersky Protection","description":"Bảo vệ bạn trên Internet vơ�?i phần mở rộng từ Kaspersky Lab","creator":null,"homepageURL":null},{"locales":["zh-Hans"],"name":"�?�巴斯基�?护","description":"使用�?�巴斯基实验室的扩展功能对您的互�?�网的�?护。","creator":null,"homepageURL":null},{"locales":["zh-Hans-CN"],"name":"�?�巴斯基�?护","description":"使用�?�巴斯基实验室的扩展功能对您的互�?�网的�?护。","creator":null,"homepageURL":null}],"targetApplications":[{"id":"{ec8030f7-c20a-464f-9b0e-13a3a9e97384}","minVersion":"38.0a1","maxVersion":"43.0"}],"targetPlatforms":[],"multiprocessCompatible":false,"signedState":2,"seen":true}
1474269124051	DeferredSave.extensions.json	DEBUG	Save changes
1474269124051	addons.xpi	DEBUG	Updating database with changes to installed add-ons
1474269124051	addons.xpi-utils	DEBUG	Updating add-on states
1474269124052	addons.xpi-utils	DEBUG	Writing add-ons list
1474269124054	addons.xpi	DEBUG	Registering manifest for C:\Program Files (x86)\Mozilla Firefox\browser\features\e10srollout@mozilla.org.xpi
1474269124054	addons.xpi	DEBUG	Calling bootstrap method startup on e10srollout@mozilla.org version 1.1
1474269124054	addons.xpi	DEBUG	Registering manifest for C:\Program Files (x86)\Mozilla Firefox\browser\features\firefox@getpocket.com.xpi
1474269124055	addons.xpi	DEBUG	Calling bootstrap method startup on firefox@getpocket.com version 1.0.4
1474269124055	addons.xpi	DEBUG	Registering manifest for C:\Program Files (x86)\Mozilla Firefox\browser\features\loop@mozilla.org.xpi
1474269124056	addons.xpi	DEBUG	Calling bootstrap method startup on loop@mozilla.org version 1.4.4
1474269124070	addons.manager	DEBUG	Registering shutdown blocker for XPIProvider
1474269124070	addons.manager	DEBUG	Provider finished startup: XPIProvider
1474269124070	addons.manager	DEBUG	Starting provider: LightweightThemeManager
1474269124070	addons.manager	DEBUG	Registering shutdown blocker for LightweightThemeManager
1474269124070	addons.manager	DEBUG	Provider finished startup: LightweightThemeManager
1474269124071	addons.manager	DEBUG	Starting provider: GMPProvider
1474269124076	addons.manager	DEBUG	Registering shutdown blocker for GMPProvider
1474269124077	addons.manager	DEBUG	Provider finished startup: GMPProvider
1474269124077	addons.manager	DEBUG	Starting provider: PluginProvider
1474269124077	addons.manager	DEBUG	Registering shutdown blocker for PluginProvider
1474269124077	addons.manager	DEBUG	Provider finished startup: PluginProvider
1474269124077	addons.manager	DEBUG	Completed startup sequence
1474269125179	addons.manager	DEBUG	Starting provider: <unnamed-provider>
1474269125179	addons.manager	DEBUG	Registering shutdown blocker for <unnamed-provider>
1474269125179	addons.manager	DEBUG	Provider finished startup: <unnamed-provider>
1474269125438	DeferredSave.extensions.json	DEBUG	Write succeeded
1474269125438	addons.xpi-utils	DEBUG	XPI Database saved, setting schema version preference to 17
1474269125439	DeferredSave.extensions.json	DEBUG	Starting timer
1474269125449	addons.repository	DEBUG	No addons.json found.
1474269125449	DeferredSave.addons.json	DEBUG	Save changes
1474269125451	DeferredSave.addons.json	DEBUG	Starting timer
1474269125471	addons.manager	DEBUG	Starting provider: PreviousExperimentProvider
1474269125471	addons.manager	DEBUG	Registering shutdown blocker for PreviousExperimentProvider
1474269125471	addons.manager	DEBUG	Provider finished startup: PreviousExperimentProvider
1474269125474	DeferredSave.extensions.json	DEBUG	Starting write
1474269125510	DeferredSave.addons.json	DEBUG	Starting write
1474269125547	DeferredSave.extensions.json	DEBUG	Write succeeded
1474269125554	DeferredSave.addons.json	DEBUG	Write succeeded


