<?xml version="1.0" encoding="UTF-8"?>
<testsuite xmlns:xsi="http://www.w3.org/2001/XMLSchema-instance" xsi:schemaLocation="https://maven.apache.org/surefire/maven-surefire-plugin/xsd/surefire-test-report.xsd" name="Scenario: Temporary Password" time="34.554" tests="15" errors="0" skipped="0" failures="0">
  <properties>
[...]
</properties>
  <testcase name="Given I navigate to the MINT Account Management" classname="Scenario: Invalid Login" time="0.002"/>
  <testcase name="When I provide &quot;2135366248&quot; in PhoneNumber field" classname="Scenario: Invalid Login" time="0"/>
  <testcase name="And I provide &quot;test456&quot; in Password field" classname="Scenario: Invalid Login" time="0"/>
  <testcase name="Then I click on LogIn button" classname="Scenario: Invalid Login" time="0"/>
  <testcase name="Then I should see &quot;Invalid Phone Number or Password&quot; error message" classname="Scenario: Invalid Login" time="0"/>
  <testcase name="Scenario: Invalid Login" classname="Scenario: Invalid Login" time="0"/>
  <testcase name="Given I navigate to the MINT Account Management" classname="Scenario: Temporary Password" time="0"/>
  <testcase name="When I click on SMS a password to My Device button" classname="Scenario: Temporary Password" time="0"/>
  <testcase name="Then I should see Temporary Password Page &quot;/login/sms/temp&quot;" classname="Scenario: Temporary Password" time="0"/>
  <testcase name="When I provide &quot;2135366248&quot; in PhoneNumber field" classname="Scenario: Temporary Password" time="0"/>
  <testcase name="And I click on Send Password to My Device button" classname="Scenario: Temporary Password" time="0"/>
  <testcase name="Then I should see &quot;An SMS with a password will arrive shortly.&quot; message" classname="Scenario: Temporary Password" time="0"/>
  <testcase name="Then I click on Back To Login button" classname="Scenario: Temporary Password" time="0"/>
  <testcase name="Then I should see Login Page &quot;/login&quot;" classname="Scenario: Temporary Password" time="0"/>
  <testcase name="Scenario: Temporary Password" classname="Scenario: Temporary Password" time="0"/>
</testsuite>