<?xml version="1.0" encoding="UTF-8"?>
<testsuite xmlns:xsi="http://www.w3.org/2001/XMLSchema-instance" xsi:schemaLocation="https://maven.apache.org/surefire/maven-surefire-plugin/xsd/surefire-test-report.xsd" name="Scenario: Valid Login" time="0.043" tests="5" errors="1" skipped="4" failures="0">
  <properties>
[...]
</properties>
  <testcase name="Given I navigate to the MINT Account Management" classname="Scenario: Valid Login" time="0.016">
    <error type="java.lang.ExceptionInInitializerError"><![CDATA[java.lang.ExceptionInInitializerError
Caused by: org.openqa.selenium.WebDriverException: 
Failed to connect to binary FirefoxBinary(C:\Program Files (x86)\Mozilla Firefox\firefox.exe) on port 7055; process output follows: 
,"description":"Ditt skydd pÃ¥ internet med tillÃ¤gg frÃ¥n Kaspersky Lab","creator":null,"homepageURL":null},{"locales":["tr"],"name":"Kaspersky Protection","description":"Kaspersky Lab uzantÄ±sÄ±yla Ä°nternet Ã¼zerindeki korumanÄ±z","creator":null,"homepageURL":null},{"locales":["vi"],"name":"Kaspersky Protection","description":"BaÌ‰o vÃªÌ£ baÌ£n trÃªn Internet vÆ¡Ì�i phÃ¢Ì€n mÆ¡Ì‰ rÃ´Ì£ng tÆ°Ì€ Kaspersky Lab","creator":null,"homepageURL":null},{"locales":["zh-Hans"],"name":"å�¡å·´æ–¯åŸºä¿�æŠ¤","description":"ä½¿ç”¨å�¡å·´æ–¯åŸºå®žéªŒå®¤çš„æ‰©å±•åŠŸèƒ½å¯¹æ‚¨çš„äº’è�”ç½‘çš„ä¿�æŠ¤ã€‚","creator":null,"homepageURL":null},{"locales":["zh-Hans-CN"],"name":"å�¡å·´æ–¯åŸºä¿�æŠ¤","description":"ä½¿ç”¨å�¡å·´æ–¯åŸºå®žéªŒå®¤çš„æ‰©å±•åŠŸèƒ½å¯¹æ‚¨çš„äº’è�”ç½‘çš„ä¿�æŠ¤ã€‚","creator":null,"homepageURL":null}],"targetApplications":[{"id":"{ec8030f7-c20a-464f-9b0e-13a3a9e97384}","minVersion":"38.0a1","maxVersion":"43.0"}],"targetPlatforms":[],"multiprocessCompatible":false,"signedState":2,"seen":true}
1474269124051	DeferredSave.extensions.json	DEBUG	Save changes
1474269124051	addons.xpi	DEBUG	Updating database with changes to installed add-ons
1474269124051	addons.xpi-utils	DEBUG	Updating add-on states
1474269124052	addons.xpi-utils	DEBUG	Writing add-ons list
1474269124054	addons.xpi	DEBUG	Registering manifest for C:\Program Files (x86)\Mozilla Firefox\browser\features\e10srollout@mozilla.org.xpi
1474269124054	addons.xpi	DEBUG	Calling bootstrap method startup on e10srollout@mozilla.org version 1.1
1474269124054	addons.xpi	DEBUG	Registering manifest for C:\Program Files (x86)\Mozilla Firefox\browser\features\firefox@getpocket.com.xpi
1474269124055	addons.xpi	DEBUG	Calling bootstrap method startup on firefox@getpocket.com version 1.0.4
1474269124055	addons.xpi	DEBUG	Registering manifest for C:\Program Files (x86)\Mozilla Firefox\browser\features\loop@mozilla.org.xpi
1474269124056	addons.xpi	DEBUG	Calling bootstrap method startup on loop@mozilla.org version 1.4.4
1474269124070	addons.manager	DEBUG	Registering shutdown blocker for XPIProvider
1474269124070	addons.manager	DEBUG	Provider finished startup: XPIProvider
1474269124070	addons.manager	DEBUG	Starting provider: LightweightThemeManager
1474269124070	addons.manager	DEBUG	Registering shutdown blocker for LightweightThemeManager
1474269124070	addons.manager	DEBUG	Provider finished startup: LightweightThemeManager
1474269124071	addons.manager	DEBUG	Starting provider: GMPProvider
1474269124076	addons.manager	DEBUG	Registering shutdown blocker for GMPProvider
1474269124077	addons.manager	DEBUG	Provider finished startup: GMPProvider
1474269124077	addons.manager	DEBUG	Starting provider: PluginProvider
1474269124077	addons.manager	DEBUG	Registering shutdown blocker for PluginProvider
1474269124077	addons.manager	DEBUG	Provider finished startup: PluginProvider
1474269124077	addons.manager	DEBUG	Completed startup sequence
1474269125179	addons.manager	DEBUG	Starting provider: <unnamed-provider>
1474269125179	addons.manager	DEBUG	Registering shutdown blocker for <unnamed-provider>
1474269125179	addons.manager	DEBUG	Provider finished startup: <unnamed-provider>
1474269125438	DeferredSave.extensions.json	DEBUG	Write succeeded
1474269125438	addons.xpi-utils	DEBUG	XPI Database saved, setting schema version preference to 17
1474269125439	DeferredSave.extensions.json	DEBUG	Starting timer
1474269125449	addons.repository	DEBUG	No addons.json found.
1474269125449	DeferredSave.addons.json	DEBUG	Save changes
1474269125451	DeferredSave.addons.json	DEBUG	Starting timer
1474269125471	addons.manager	DEBUG	Starting provider: PreviousExperimentProvider
1474269125471	addons.manager	DEBUG	Registering shutdown blocker for PreviousExperimentProvider
1474269125471	addons.manager	DEBUG	Provider finished startup: PreviousExperimentProvider
1474269125474	DeferredSave.extensions.json	DEBUG	Starting write
1474269125510	DeferredSave.addons.json	DEBUG	Starting write
1474269125547	DeferredSave.extensions.json	DEBUG	Write succeeded
1474269125554	DeferredSave.addons.json	DEBUG	Write succeeded

Build info: version: '2.53.1', revision: 'a36b8b1cd5757287168e54b817830adce9b0158d', time: '2016-06-30 19:26:09'
System info: host: 'Saravanan', ip: '10.100.254.244', os.name: 'Windows 10', os.arch: 'amd64', os.version: '10.0', java.version: '1.8.0_101'
Driver info: driver.version: BrowserDriver
Caused by: org.openqa.selenium.firefox.NotConnectedException: 
Unable to connect to host 127.0.0.1 on port 7055 after 45000 ms. Firefox console output:
,"description":"Ditt skydd pÃ¥ internet med tillÃ¤gg frÃ¥n Kaspersky Lab","creator":null,"homepageURL":null},{"locales":["tr"],"name":"Kaspersky Protection","description":"Kaspersky Lab uzantÄ±sÄ±yla Ä°nternet Ã¼zerindeki korumanÄ±z","creator":null,"homepageURL":null},{"locales":["vi"],"name":"Kaspersky Protection","description":"BaÌ‰o vÃªÌ£ baÌ£n trÃªn Internet vÆ¡Ì�i phÃ¢Ì€n mÆ¡Ì‰ rÃ´Ì£ng tÆ°Ì€ Kaspersky Lab","creator":null,"homepageURL":null},{"locales":["zh-Hans"],"name":"å�¡å·´æ–¯åŸºä¿�æŠ¤","description":"ä½¿ç”¨å�¡å·´æ–¯åŸºå®žéªŒå®¤çš„æ‰©å±•åŠŸèƒ½å¯¹æ‚¨çš„äº’è�”ç½‘çš„ä¿�æŠ¤ã€‚","creator":null,"homepageURL":null},{"locales":["zh-Hans-CN"],"name":"å�¡å·´æ–¯åŸºä¿�æŠ¤","description":"ä½¿ç”¨å�¡å·´æ–¯åŸºå®žéªŒå®¤çš„æ‰©å±•åŠŸèƒ½å¯¹æ‚¨çš„äº’è�”ç½‘çš„ä¿�æŠ¤ã€‚","creator":null,"homepageURL":null}],"targetApplications":[{"id":"{ec8030f7-c20a-464f-9b0e-13a3a9e97384}","minVersion":"38.0a1","maxVersion":"43.0"}],"targetPlatforms":[],"multiprocessCompatible":false,"signedState":2,"seen":true}
1474269124051	DeferredSave.extensions.json	DEBUG	Save changes
1474269124051	addons.xpi	DEBUG	Updating database with changes to installed add-ons
1474269124051	addons.xpi-utils	DEBUG	Updating add-on states
1474269124052	addons.xpi-utils	DEBUG	Writing add-ons list
1474269124054	addons.xpi	DEBUG	Registering manifest for C:\Program Files (x86)\Mozilla Firefox\browser\features\e10srollout@mozilla.org.xpi
1474269124054	addons.xpi	DEBUG	Calling bootstrap method startup on e10srollout@mozilla.org version 1.1
1474269124054	addons.xpi	DEBUG	Registering manifest for C:\Program Files (x86)\Mozilla Firefox\browser\features\firefox@getpocket.com.xpi
1474269124055	addons.xpi	DEBUG	Calling bootstrap method startup on firefox@getpocket.com version 1.0.4
1474269124055	addons.xpi	DEBUG	Registering manifest for C:\Program Files (x86)\Mozilla Firefox\browser\features\loop@mozilla.org.xpi
1474269124056	addons.xpi	DEBUG	Calling bootstrap method startup on loop@mozilla.org version 1.4.4
1474269124070	addons.manager	DEBUG	Registering shutdown blocker for XPIProvider
1474269124070	addons.manager	DEBUG	Provider finished startup: XPIProvider
1474269124070	addons.manager	DEBUG	Starting provider: LightweightThemeManager
1474269124070	addons.manager	DEBUG	Registering shutdown blocker for LightweightThemeManager
1474269124070	addons.manager	DEBUG	Provider finished startup: LightweightThemeManager
1474269124071	addons.manager	DEBUG	Starting provider: GMPProvider
1474269124076	addons.manager	DEBUG	Registering shutdown blocker for GMPProvider
1474269124077	addons.manager	DEBUG	Provider finished startup: GMPProvider
1474269124077	addons.manager	DEBUG	Starting provider: PluginProvider
1474269124077	addons.manager	DEBUG	Registering shutdown blocker for PluginProvider
1474269124077	addons.manager	DEBUG	Provider finished startup: PluginProvider
1474269124077	addons.manager	DEBUG	Completed startup sequence
1474269125179	addons.manager	DEBUG	Starting provider: <unnamed-provider>
1474269125179	addons.manager	DEBUG	Registering shutdown blocker for <unnamed-provider>
1474269125179	addons.manager	DEBUG	Provider finished startup: <unnamed-provider>
1474269125438	DeferredSave.extensions.json	DEBUG	Write succeeded
1474269125438	addons.xpi-utils	DEBUG	XPI Database saved, setting schema version preference to 17
1474269125439	DeferredSave.extensions.json	DEBUG	Starting timer
1474269125449	addons.repository	DEBUG	No addons.json found.
1474269125449	DeferredSave.addons.json	DEBUG	Save changes
1474269125451	DeferredSave.addons.json	DEBUG	Starting timer
1474269125471	addons.manager	DEBUG	Starting provider: PreviousExperimentProvider
1474269125471	addons.manager	DEBUG	Registering shutdown blocker for PreviousExperimentProvider
1474269125471	addons.manager	DEBUG	Provider finished startup: PreviousExperimentProvider
1474269125474	DeferredSave.extensions.json	DEBUG	Starting write
1474269125510	DeferredSave.addons.json	DEBUG	Starting write
1474269125547	DeferredSave.extensions.json	DEBUG	Write succeeded
1474269125554	DeferredSave.addons.json	DEBUG	Write succeeded

]]></error>
    <system-out><![CDATA[Feature: MINT Account Management
one
work
]]></system-out>
    <system-err><![CDATA[org.openqa.selenium.firefox.NotConnectedException: Unable to connect to host 127.0.0.1 on port 7055 after 45000 ms. Firefox console output:
,"description":"Ditt skydd pÃ¥ internet med tillÃ¤gg frÃ¥n Kaspersky Lab","creator":null,"homepageURL":null},{"locales":["tr"],"name":"Kaspersky Protection","description":"Kaspersky Lab uzantÄ±sÄ±yla Ä°nternet Ã¼zerindeki korumanÄ±z","creator":null,"homepageURL":null},{"locales":["vi"],"name":"Kaspersky Protection","description":"BaÌ‰o vÃªÌ£ baÌ£n trÃªn Internet vÆ¡Ì?i phÃ¢Ì€n mÆ¡Ì‰ rÃ´Ì£ng tÆ°Ì€ Kaspersky Lab","creator":null,"homepageURL":null},{"locales":["zh-Hans"],"name":"å?¡å·´æ–¯åŸºä¿?æŠ¤","description":"ä½¿ç”¨å?¡å·´æ–¯åŸºå®žéªŒå®¤çš„æ‰©å±•åŠŸèƒ½å¯¹æ‚¨çš„äº’è?”ç½‘çš„ä¿?æŠ¤ã€‚","creator":null,"homepageURL":null},{"locales":["zh-Hans-CN"],"name":"å?¡å·´æ–¯åŸºä¿?æŠ¤","description":"ä½¿ç”¨å?¡å·´æ–¯åŸºå®žéªŒå®¤çš„æ‰©å±•åŠŸèƒ½å¯¹æ‚¨çš„äº’è?”ç½‘çš„ä¿?æŠ¤ã€‚","creator":null,"homepageURL":null}],"targetApplications":[{"id":"{ec8030f7-c20a-464f-9b0e-13a3a9e97384}","minVersion":"38.0a1","maxVersion":"43.0"}],"targetPlatforms":[],"multiprocessCompatible":false,"signedState":2,"seen":true}
1474269124051	DeferredSave.extensions.json	DEBUG	Save changes
1474269124051	addons.xpi	DEBUG	Updating database with changes to installed add-ons
1474269124051	addons.xpi-utils	DEBUG	Updating add-on states
1474269124052	addons.xpi-utils	DEBUG	Writing add-ons list
1474269124054	addons.xpi	DEBUG	Registering manifest for C:\Program Files (x86)\Mozilla Firefox\browser\features\e10srollout@mozilla.org.xpi
1474269124054	addons.xpi	DEBUG	Calling bootstrap method startup on e10srollout@mozilla.org version 1.1
1474269124054	addons.xpi	DEBUG	Registering manifest for C:\Program Files (x86)\Mozilla Firefox\browser\features\firefox@getpocket.com.xpi
1474269124055	addons.xpi	DEBUG	Calling bootstrap method startup on firefox@getpocket.com version 1.0.4
1474269124055	addons.xpi	DEBUG	Registering manifest for C:\Program Files (x86)\Mozilla Firefox\browser\features\loop@mozilla.org.xpi
1474269124056	addons.xpi	DEBUG	Calling bootstrap method startup on loop@mozilla.org version 1.4.4
1474269124070	addons.manager	DEBUG	Registering shutdown blocker for XPIProvider
1474269124070	addons.manager	DEBUG	Provider finished startup: XPIProvider
1474269124070	addons.manager	DEBUG	Starting provider: LightweightThemeManager
1474269124070	addons.manager	DEBUG	Registering shutdown blocker for LightweightThemeManager
1474269124070	addons.manager	DEBUG	Provider finished startup: LightweightThemeManager
1474269124071	addons.manager	DEBUG	Starting provider: GMPProvider
1474269124076	addons.manager	DEBUG	Registering shutdown blocker for GMPProvider
1474269124077	addons.manager	DEBUG	Provider finished startup: GMPProvider
1474269124077	addons.manager	DEBUG	Starting provider: PluginProvider
1474269124077	addons.manager	DEBUG	Registering shutdown blocker for PluginProvider
1474269124077	addons.manager	DEBUG	Provider finished startup: PluginProvider
1474269124077	addons.manager	DEBUG	Completed startup sequence
1474269125179	addons.manager	DEBUG	Starting provider: <unnamed-provider>
1474269125179	addons.manager	DEBUG	Registering shutdown blocker for <unnamed-provider>
1474269125179	addons.manager	DEBUG	Provider finished startup: <unnamed-provider>
1474269125438	DeferredSave.extensions.json	DEBUG	Write succeeded
1474269125438	addons.xpi-utils	DEBUG	XPI Database saved, setting schema version preference to 17
1474269125439	DeferredSave.extensions.json	DEBUG	Starting timer
1474269125449	addons.repository	DEBUG	No addons.json found.
1474269125449	DeferredSave.addons.json	DEBUG	Save changes
1474269125451	DeferredSave.addons.json	DEBUG	Starting timer
1474269125471	addons.manager	DEBUG	Starting provider: PreviousExperimentProvider
1474269125471	addons.manager	DEBUG	Registering shutdown blocker for PreviousExperimentProvider
1474269125471	addons.manager	DEBUG	Provider finished startup: PreviousExperimentProvider
1474269125474	DeferredSave.extensions.json	DEBUG	Starting write
1474269125510	DeferredSave.addons.json	DEBUG	Starting write
1474269125547	DeferredSave.extensions.json	DEBUG	Write succeeded
1474269125554	DeferredSave.addons.json	DEBUG	Write succeeded

	at org.openqa.selenium.firefox.internal.NewProfileExtensionConnection.start(NewProfileExtensionConnection.java:113)
	at org.openqa.selenium.firefox.FirefoxDriver.startClient(FirefoxDriver.java:271)
	at org.openqa.selenium.remote.RemoteWebDriver.<init>(RemoteWebDriver.java:119)
	at org.openqa.selenium.firefox.FirefoxDriver.<init>(FirefoxDriver.java:216)
	at org.openqa.selenium.firefox.FirefoxDriver.<init>(FirefoxDriver.java:211)
	at org.openqa.selenium.firefox.FirefoxDriver.<init>(FirefoxDriver.java:207)
	at org.openqa.selenium.firefox.FirefoxDriver.<init>(FirefoxDriver.java:120)
	at utils.BrowserFactory.createFirefoxDriver(BrowserFactory.java:66)
	at utils.BrowserFactory.getBrowser(BrowserFactory.java:47)
	at utils.BrowserDriver.getCurrentDriver(BrowserDriver.java:21)
	at Navigation.Login.<clinit>(Login.java:14)
	at Navigation.NavigatorFactory.LoginNavigator(NavigatorFactory.java:26)
	at stepDefs.Runner.StepDefs.i_navigate_to_the_MINT_Account_Management(StepDefs.java:13)
	at sun.reflect.NativeMethodAccessorImpl.invoke0(Native Method)
	at sun.reflect.NativeMethodAccessorImpl.invoke(NativeMethodAccessorImpl.java:62)
	at sun.reflect.DelegatingMethodAccessorImpl.invoke(DelegatingMethodAccessorImpl.java:43)
	at java.lang.reflect.Method.invoke(Method.java:498)
	at cucumber.runtime.Utils$1.call(Utils.java:37)
	at cucumber.runtime.Timeout.timeout(Timeout.java:13)
	at cucumber.runtime.Utils.invoke(Utils.java:31)
	at cucumber.runtime.java.JavaStepDefinition.execute(JavaStepDefinition.java:38)
	at cucumber.runtime.StepDefinitionMatch.runStep(StepDefinitionMatch.java:37)
	at cucumber.runtime.Runtime.runStep(Runtime.java:299)
	at cucumber.runtime.model.StepContainer.runStep(StepContainer.java:44)
	at cucumber.runtime.model.StepContainer.runSteps(StepContainer.java:39)
	at cucumber.runtime.model.CucumberScenario.run(CucumberScenario.java:44)
	at cucumber.runtime.junit.ExecutionUnitRunner.run(ExecutionUnitRunner.java:91)
	at cucumber.runtime.junit.FeatureRunner.runChild(FeatureRunner.java:63)
	at cucumber.runtime.junit.FeatureRunner.runChild(FeatureRunner.java:18)
	at org.junit.runners.ParentRunner$3.run(ParentRunner.java:290)
	at org.junit.runners.ParentRunner$1.schedule(ParentRunner.java:71)
	at org.junit.runners.ParentRunner.runChildren(ParentRunner.java:288)
	at org.junit.runners.ParentRunner.access$000(ParentRunner.java:58)
	at org.junit.runners.ParentRunner$2.evaluate(ParentRunner.java:268)
	at org.junit.runners.ParentRunner.run(ParentRunner.java:363)
	at cucumber.runtime.junit.FeatureRunner.run(FeatureRunner.java:70)
	at cucumber.api.junit.Cucumber.runChild(Cucumber.java:93)
	at cucumber.api.junit.Cucumber.runChild(Cucumber.java:37)
	at org.junit.runners.ParentRunner$3.run(ParentRunner.java:290)
	at org.junit.runners.ParentRunner$1.schedule(ParentRunner.java:71)
	at org.junit.runners.ParentRunner.runChildren(ParentRunner.java:288)
	at org.junit.runners.ParentRunner.access$000(ParentRunner.java:58)
	at org.junit.runners.ParentRunner$2.evaluate(ParentRunner.java:268)
	at org.junit.runners.ParentRunner.run(ParentRunner.java:363)
	at cucumber.api.junit.Cucumber.run(Cucumber.java:98)
	at org.junit.runners.Suite.runChild(Suite.java:128)
	at org.junit.runners.Suite.runChild(Suite.java:27)
	at org.junit.runners.ParentRunner$3.run(ParentRunner.java:290)
	at org.junit.runners.ParentRunner$1.schedule(ParentRunner.java:71)
	at org.junit.runners.ParentRunner.runChildren(ParentRunner.java:288)
	at org.junit.runners.ParentRunner.access$000(ParentRunner.java:58)
	at org.junit.runners.ParentRunner$2.evaluate(ParentRunner.java:268)
	at org.junit.runners.ParentRunner.run(ParentRunner.java:363)
	at org.apache.maven.surefire.junitcore.JUnitCore.run(JUnitCore.java:55)
	at org.apache.maven.surefire.junitcore.JUnitCoreWrapper.createRequestAndRun(JUnitCoreWrapper.java:137)
	at org.apache.maven.surefire.junitcore.JUnitCoreWrapper.executeEager(JUnitCoreWrapper.java:107)
	at org.apache.maven.surefire.junitcore.JUnitCoreWrapper.execute(JUnitCoreWrapper.java:83)
	at org.apache.maven.surefire.junitcore.JUnitCoreWrapper.execute(JUnitCoreWrapper.java:75)
	at org.apache.maven.surefire.junitcore.JUnitCoreProvider.invoke(JUnitCoreProvider.java:161)
	at org.apache.maven.surefire.booter.ForkedBooter.invokeProviderInSameClassLoader(ForkedBooter.java:290)
	at org.apache.maven.surefire.booter.ForkedBooter.runSuitesInProcess(ForkedBooter.java:242)
	at org.apache.maven.surefire.booter.ForkedBooter.main(ForkedBooter.java:121)
]]></system-err>
  </testcase>
  <testcase name="Scenario: Valid Login" classname="Scenario: Valid Login" time="0">
    <error type="java.lang.ExceptionInInitializerError"><![CDATA[java.lang.ExceptionInInitializerError
Caused by: org.openqa.selenium.WebDriverException: 
Failed to connect to binary FirefoxBinary(C:\Program Files (x86)\Mozilla Firefox\firefox.exe) on port 7055; process output follows: 
,"description":"Ditt skydd pÃ¥ internet med tillÃ¤gg frÃ¥n Kaspersky Lab","creator":null,"homepageURL":null},{"locales":["tr"],"name":"Kaspersky Protection","description":"Kaspersky Lab uzantÄ±sÄ±yla Ä°nternet Ã¼zerindeki korumanÄ±z","creator":null,"homepageURL":null},{"locales":["vi"],"name":"Kaspersky Protection","description":"BaÌ‰o vÃªÌ£ baÌ£n trÃªn Internet vÆ¡Ì�i phÃ¢Ì€n mÆ¡Ì‰ rÃ´Ì£ng tÆ°Ì€ Kaspersky Lab","creator":null,"homepageURL":null},{"locales":["zh-Hans"],"name":"å�¡å·´æ–¯åŸºä¿�æŠ¤","description":"ä½¿ç”¨å�¡å·´æ–¯åŸºå®žéªŒå®¤çš„æ‰©å±•åŠŸèƒ½å¯¹æ‚¨çš„äº’è�”ç½‘çš„ä¿�æŠ¤ã€‚","creator":null,"homepageURL":null},{"locales":["zh-Hans-CN"],"name":"å�¡å·´æ–¯åŸºä¿�æŠ¤","description":"ä½¿ç”¨å�¡å·´æ–¯åŸºå®žéªŒå®¤çš„æ‰©å±•åŠŸèƒ½å¯¹æ‚¨çš„äº’è�”ç½‘çš„ä¿�æŠ¤ã€‚","creator":null,"homepageURL":null}],"targetApplications":[{"id":"{ec8030f7-c20a-464f-9b0e-13a3a9e97384}","minVersion":"38.0a1","maxVersion":"43.0"}],"targetPlatforms":[],"multiprocessCompatible":false,"signedState":2,"seen":true}
1474269124051	DeferredSave.extensions.json	DEBUG	Save changes
1474269124051	addons.xpi	DEBUG	Updating database with changes to installed add-ons
1474269124051	addons.xpi-utils	DEBUG	Updating add-on states
1474269124052	addons.xpi-utils	DEBUG	Writing add-ons list
1474269124054	addons.xpi	DEBUG	Registering manifest for C:\Program Files (x86)\Mozilla Firefox\browser\features\e10srollout@mozilla.org.xpi
1474269124054	addons.xpi	DEBUG	Calling bootstrap method startup on e10srollout@mozilla.org version 1.1
1474269124054	addons.xpi	DEBUG	Registering manifest for C:\Program Files (x86)\Mozilla Firefox\browser\features\firefox@getpocket.com.xpi
1474269124055	addons.xpi	DEBUG	Calling bootstrap method startup on firefox@getpocket.com version 1.0.4
1474269124055	addons.xpi	DEBUG	Registering manifest for C:\Program Files (x86)\Mozilla Firefox\browser\features\loop@mozilla.org.xpi
1474269124056	addons.xpi	DEBUG	Calling bootstrap method startup on loop@mozilla.org version 1.4.4
1474269124070	addons.manager	DEBUG	Registering shutdown blocker for XPIProvider
1474269124070	addons.manager	DEBUG	Provider finished startup: XPIProvider
1474269124070	addons.manager	DEBUG	Starting provider: LightweightThemeManager
1474269124070	addons.manager	DEBUG	Registering shutdown blocker for LightweightThemeManager
1474269124070	addons.manager	DEBUG	Provider finished startup: LightweightThemeManager
1474269124071	addons.manager	DEBUG	Starting provider: GMPProvider
1474269124076	addons.manager	DEBUG	Registering shutdown blocker for GMPProvider
1474269124077	addons.manager	DEBUG	Provider finished startup: GMPProvider
1474269124077	addons.manager	DEBUG	Starting provider: PluginProvider
1474269124077	addons.manager	DEBUG	Registering shutdown blocker for PluginProvider
1474269124077	addons.manager	DEBUG	Provider finished startup: PluginProvider
1474269124077	addons.manager	DEBUG	Completed startup sequence
1474269125179	addons.manager	DEBUG	Starting provider: <unnamed-provider>
1474269125179	addons.manager	DEBUG	Registering shutdown blocker for <unnamed-provider>
1474269125179	addons.manager	DEBUG	Provider finished startup: <unnamed-provider>
1474269125438	DeferredSave.extensions.json	DEBUG	Write succeeded
1474269125438	addons.xpi-utils	DEBUG	XPI Database saved, setting schema version preference to 17
1474269125439	DeferredSave.extensions.json	DEBUG	Starting timer
1474269125449	addons.repository	DEBUG	No addons.json found.
1474269125449	DeferredSave.addons.json	DEBUG	Save changes
1474269125451	DeferredSave.addons.json	DEBUG	Starting timer
1474269125471	addons.manager	DEBUG	Starting provider: PreviousExperimentProvider
1474269125471	addons.manager	DEBUG	Registering shutdown blocker for PreviousExperimentProvider
1474269125471	addons.manager	DEBUG	Provider finished startup: PreviousExperimentProvider
1474269125474	DeferredSave.extensions.json	DEBUG	Starting write
1474269125510	DeferredSave.addons.json	DEBUG	Starting write
1474269125547	DeferredSave.extensions.json	DEBUG	Write succeeded
1474269125554	DeferredSave.addons.json	DEBUG	Write succeeded

Build info: version: '2.53.1', revision: 'a36b8b1cd5757287168e54b817830adce9b0158d', time: '2016-06-30 19:26:09'
System info: host: 'Saravanan', ip: '10.100.254.244', os.name: 'Windows 10', os.arch: 'amd64', os.version: '10.0', java.version: '1.8.0_101'
Driver info: driver.version: BrowserDriver
Caused by: org.openqa.selenium.firefox.NotConnectedException: 
Unable to connect to host 127.0.0.1 on port 7055 after 45000 ms. Firefox console output:
,"description":"Ditt skydd pÃ¥ internet med tillÃ¤gg frÃ¥n Kaspersky Lab","creator":null,"homepageURL":null},{"locales":["tr"],"name":"Kaspersky Protection","description":"Kaspersky Lab uzantÄ±sÄ±yla Ä°nternet Ã¼zerindeki korumanÄ±z","creator":null,"homepageURL":null},{"locales":["vi"],"name":"Kaspersky Protection","description":"BaÌ‰o vÃªÌ£ baÌ£n trÃªn Internet vÆ¡Ì�i phÃ¢Ì€n mÆ¡Ì‰ rÃ´Ì£ng tÆ°Ì€ Kaspersky Lab","creator":null,"homepageURL":null},{"locales":["zh-Hans"],"name":"å�¡å·´æ–¯åŸºä¿�æŠ¤","description":"ä½¿ç”¨å�¡å·´æ–¯åŸºå®žéªŒå®¤çš„æ‰©å±•åŠŸèƒ½å¯¹æ‚¨çš„äº’è�”ç½‘çš„ä¿�æŠ¤ã€‚","creator":null,"homepageURL":null},{"locales":["zh-Hans-CN"],"name":"å�¡å·´æ–¯åŸºä¿�æŠ¤","description":"ä½¿ç”¨å�¡å·´æ–¯åŸºå®žéªŒå®¤çš„æ‰©å±•åŠŸèƒ½å¯¹æ‚¨çš„äº’è�”ç½‘çš„ä¿�æŠ¤ã€‚","creator":null,"homepageURL":null}],"targetApplications":[{"id":"{ec8030f7-c20a-464f-9b0e-13a3a9e97384}","minVersion":"38.0a1","maxVersion":"43.0"}],"targetPlatforms":[],"multiprocessCompatible":false,"signedState":2,"seen":true}
1474269124051	DeferredSave.extensions.json	DEBUG	Save changes
1474269124051	addons.xpi	DEBUG	Updating database with changes to installed add-ons
1474269124051	addons.xpi-utils	DEBUG	Updating add-on states
1474269124052	addons.xpi-utils	DEBUG	Writing add-ons list
1474269124054	addons.xpi	DEBUG	Registering manifest for C:\Program Files (x86)\Mozilla Firefox\browser\features\e10srollout@mozilla.org.xpi
1474269124054	addons.xpi	DEBUG	Calling bootstrap method startup on e10srollout@mozilla.org version 1.1
1474269124054	addons.xpi	DEBUG	Registering manifest for C:\Program Files (x86)\Mozilla Firefox\browser\features\firefox@getpocket.com.xpi
1474269124055	addons.xpi	DEBUG	Calling bootstrap method startup on firefox@getpocket.com version 1.0.4
1474269124055	addons.xpi	DEBUG	Registering manifest for C:\Program Files (x86)\Mozilla Firefox\browser\features\loop@mozilla.org.xpi
1474269124056	addons.xpi	DEBUG	Calling bootstrap method startup on loop@mozilla.org version 1.4.4
1474269124070	addons.manager	DEBUG	Registering shutdown blocker for XPIProvider
1474269124070	addons.manager	DEBUG	Provider finished startup: XPIProvider
1474269124070	addons.manager	DEBUG	Starting provider: LightweightThemeManager
1474269124070	addons.manager	DEBUG	Registering shutdown blocker for LightweightThemeManager
1474269124070	addons.manager	DEBUG	Provider finished startup: LightweightThemeManager
1474269124071	addons.manager	DEBUG	Starting provider: GMPProvider
1474269124076	addons.manager	DEBUG	Registering shutdown blocker for GMPProvider
1474269124077	addons.manager	DEBUG	Provider finished startup: GMPProvider
1474269124077	addons.manager	DEBUG	Starting provider: PluginProvider
1474269124077	addons.manager	DEBUG	Registering shutdown blocker for PluginProvider
1474269124077	addons.manager	DEBUG	Provider finished startup: PluginProvider
1474269124077	addons.manager	DEBUG	Completed startup sequence
1474269125179	addons.manager	DEBUG	Starting provider: <unnamed-provider>
1474269125179	addons.manager	DEBUG	Registering shutdown blocker for <unnamed-provider>
1474269125179	addons.manager	DEBUG	Provider finished startup: <unnamed-provider>
1474269125438	DeferredSave.extensions.json	DEBUG	Write succeeded
1474269125438	addons.xpi-utils	DEBUG	XPI Database saved, setting schema version preference to 17
1474269125439	DeferredSave.extensions.json	DEBUG	Starting timer
1474269125449	addons.repository	DEBUG	No addons.json found.
1474269125449	DeferredSave.addons.json	DEBUG	Save changes
1474269125451	DeferredSave.addons.json	DEBUG	Starting timer
1474269125471	addons.manager	DEBUG	Starting provider: PreviousExperimentProvider
1474269125471	addons.manager	DEBUG	Registering shutdown blocker for PreviousExperimentProvider
1474269125471	addons.manager	DEBUG	Provider finished startup: PreviousExperimentProvider
1474269125474	DeferredSave.extensions.json	DEBUG	Starting write
1474269125510	DeferredSave.addons.json	DEBUG	Starting write
1474269125547	DeferredSave.extensions.json	DEBUG	Write succeeded
1474269125554	DeferredSave.addons.json	DEBUG	Write succeeded

]]></error>
  </testcase>
  <testcase name="When I provide &quot;2135366248&quot; in PhoneNumber field" classname="Scenario: Valid Login" time="0">
    <skipped/>
  </testcase>
  <testcase name="And I provide &quot;test123&quot; in Password field" classname="Scenario: Valid Login" time="0">
    <skipped/>
  </testcase>
  <testcase name="Then I click on LogIn button" classname="Scenario: Valid Login" time="0">
    <skipped/>
  </testcase>
  <testcase name="Then I should see MINT Account Management hompage &quot;/account/summary&quot;" classname="Scenario: Valid Login" time="0">
    <skipped/>
  </testcase>
</testsuite>