<?xml version="1.0" encoding="UTF-8"?>
<testsuite xmlns:xsi="http://www.w3.org/2001/XMLSchema-instance" xsi:schemaLocation="https://maven.apache.org/surefire/maven-surefire-plugin/xsd/surefire-test-report.xsd" name="Scenario: Forgot Password" time="35.298" tests="16" errors="3" skipped="5" failures="0">
  <properties>
[...]
</properties>
  <testcase name="Scenario: Valid Login" classname="Scenario: Valid Login" time="0">
    <error message="Timed out after 10 seconds waiting for visibility of Proxy element for: DefaultElementLocator &apos;By.id: logo&apos;&#10;Build info: version: &apos;2.53.1&apos;, revision: &apos;a36b8b1cd5757287168e54b817830adce9b0158d&apos;, time: &apos;2016-06-30 19:26:09&apos;&#10;System info: host: &apos;Saravanan&apos;, ip: &apos;10.100.254.207&apos;, os.name: &apos;Windows 10&apos;, os.arch: &apos;amd64&apos;, os.version: &apos;10.0&apos;, java.version: &apos;1.8.0_101&apos;&#10;Driver info: org.openqa.selenium.chrome.ChromeDriver&#10;Capabilities [{applicationCacheEnabled=false, rotatable=false, mobileEmulationEnabled=false, chrome={chromedriverVersion=2.22.397933 (1cab651507b88dec79b2b2a22d1943c01833cc1b), userDataDir=C:\Users\SARAVA~1\AppData\Local\Temp\scoped_dir7192_29435}, takesHeapSnapshot=true, databaseEnabled=false, handlesAlerts=true, hasTouchScreen=false, version=52.0.2743.116, platform=XP, browserConnectionEnabled=false, nativeEvents=true, acceptSslCerts=true, locationContextEnabled=true, webStorageEnabled=true, browserName=chrome, takesScreenshot=true, javascriptEnabled=true, cssSelectorsEnabled=true}]&#10;Session ID: 6e1243a5e23352155fc9c77abc4399c8" type="org.openqa.selenium.TimeoutException">org.openqa.selenium.TimeoutException: 
Timed out after 10 seconds waiting for visibility of Proxy element for: DefaultElementLocator 'By.id: logo'
Build info: version: '2.53.1', revision: 'a36b8b1cd5757287168e54b817830adce9b0158d', time: '2016-06-30 19:26:09'
System info: host: 'Saravanan', ip: '10.100.254.207', os.name: 'Windows 10', os.arch: 'amd64', os.version: '10.0', java.version: '1.8.0_101'
Driver info: org.openqa.selenium.chrome.ChromeDriver
Capabilities [{applicationCacheEnabled=false, rotatable=false, mobileEmulationEnabled=false, chrome={chromedriverVersion=2.22.397933 (1cab651507b88dec79b2b2a22d1943c01833cc1b), userDataDir=C:\Users\SARAVA~1\AppData\Local\Temp\scoped_dir7192_29435}, takesHeapSnapshot=true, databaseEnabled=false, handlesAlerts=true, hasTouchScreen=false, version=52.0.2743.116, platform=XP, browserConnectionEnabled=false, nativeEvents=true, acceptSslCerts=true, locationContextEnabled=true, webStorageEnabled=true, browserName=chrome, takesScreenshot=true, javascriptEnabled=true, cssSelectorsEnabled=true}]
Session ID: 6e1243a5e23352155fc9c77abc4399c8
Caused by: org.openqa.selenium.NoSuchElementException: 
no such element: Unable to locate element: {"method":"id","selector":"logo"}
  (Session info: chrome=52.0.2743.116)
  (Driver info: chromedriver=2.22.397933 (1cab651507b88dec79b2b2a22d1943c01833cc1b),platform=Windows NT 10.0.10586 x86_64) (WARNING: The server did not provide any stacktrace information)
Command duration or timeout: 15.01 seconds
For documentation on this error, please visit: http://seleniumhq.org/exceptions/no_such_element.html
Build info: version: '2.53.1', revision: 'a36b8b1cd5757287168e54b817830adce9b0158d', time: '2016-06-30 19:26:09'
System info: host: 'Saravanan', ip: '10.100.254.207', os.name: 'Windows 10', os.arch: 'amd64', os.version: '10.0', java.version: '1.8.0_101'
Driver info: org.openqa.selenium.chrome.ChromeDriver
Capabilities [{applicationCacheEnabled=false, rotatable=false, mobileEmulationEnabled=false, chrome={chromedriverVersion=2.22.397933 (1cab651507b88dec79b2b2a22d1943c01833cc1b), userDataDir=C:\Users\SARAVA~1\AppData\Local\Temp\scoped_dir7192_29435}, takesHeapSnapshot=true, databaseEnabled=false, handlesAlerts=true, hasTouchScreen=false, version=52.0.2743.116, platform=XP, browserConnectionEnabled=false, nativeEvents=true, acceptSslCerts=true, locationContextEnabled=true, webStorageEnabled=true, browserName=chrome, takesScreenshot=true, javascriptEnabled=true, cssSelectorsEnabled=true}]
Session ID: 6e1243a5e23352155fc9c77abc4399c8
*** Element info: {Using=id, value=logo}
</error>
  </testcase>
  <testcase name="Given I navigate to the MINT Account Management" classname="Scenario: Invalid Login" time="0"/>
  <testcase name="When I provide &quot;2135366248&quot; in PhoneNumber field" classname="Scenario: Invalid Login" time="0"/>
  <testcase name="And I provide &quot;test456&quot; in Password field" classname="Scenario: Invalid Login" time="0"/>
  <testcase name="Then I click on LogIn button" classname="Scenario: Invalid Login" time="0"/>
  <testcase name="Then I should see &quot;Invalid Phone Number or Password&quot; error message" classname="Scenario: Invalid Login" time="0"/>
  <testcase name="Scenario: Invalid Login" classname="Scenario: Invalid Login" time="0.016"/>
  <testcase name="Given I navigate to the MINT Account Management" classname="Scenario: Forgot Password" time="0"/>
  <testcase name="When I click on SMS a password to My Device button" classname="Scenario: Forgot Password" time="0"/>
  <testcase name="Then I should see Temporary Password Page &quot;/login/sms/temp&quot;" classname="Scenario: Forgot Password" time="0">
    <error message="no such element: Unable to locate element: {&quot;method&quot;:&quot;id&quot;,&quot;selector&quot;:&quot;login-btn-sms-desktop&quot;}&#10;  (Session info: chrome=52.0.2743.116)&#10;  (Driver info: chromedriver=2.22.397933 (1cab651507b88dec79b2b2a22d1943c01833cc1b),platform=Windows NT 10.0.10586 x86_64) (WARNING: The server did not provide any stacktrace information)&#10;Command duration or timeout: 15.07 seconds&#10;For documentation on this error, please visit: http://seleniumhq.org/exceptions/no_such_element.html&#10;Build info: version: &apos;2.53.1&apos;, revision: &apos;a36b8b1cd5757287168e54b817830adce9b0158d&apos;, time: &apos;2016-06-30 19:26:09&apos;&#10;System info: host: &apos;Saravanan&apos;, ip: &apos;10.100.254.207&apos;, os.name: &apos;Windows 10&apos;, os.arch: &apos;amd64&apos;, os.version: &apos;10.0&apos;, java.version: &apos;1.8.0_101&apos;&#10;Driver info: org.openqa.selenium.chrome.ChromeDriver&#10;Capabilities [{applicationCacheEnabled=false, rotatable=false, mobileEmulationEnabled=false, chrome={chromedriverVersion=2.22.397933 (1cab651507b88dec79b2b2a22d1943c01833cc1b), userDataDir=C:\Users\SARAVA~1\AppData\Local\Temp\scoped_dir7192_29435}, takesHeapSnapshot=true, databaseEnabled=false, handlesAlerts=true, hasTouchScreen=false, version=52.0.2743.116, platform=XP, browserConnectionEnabled=false, nativeEvents=true, acceptSslCerts=true, locationContextEnabled=true, webStorageEnabled=true, browserName=chrome, takesScreenshot=true, javascriptEnabled=true, cssSelectorsEnabled=true}]&#10;Session ID: 6e1243a5e23352155fc9c77abc4399c8&#10;*** Element info: {Using=id, value=login-btn-sms-desktop}" type="org.openqa.selenium.NoSuchElementException">org.openqa.selenium.NoSuchElementException: 
no such element: Unable to locate element: {"method":"id","selector":"login-btn-sms-desktop"}
  (Session info: chrome=52.0.2743.116)
  (Driver info: chromedriver=2.22.397933 (1cab651507b88dec79b2b2a22d1943c01833cc1b),platform=Windows NT 10.0.10586 x86_64) (WARNING: The server did not provide any stacktrace information)
Command duration or timeout: 15.07 seconds
For documentation on this error, please visit: http://seleniumhq.org/exceptions/no_such_element.html
Build info: version: '2.53.1', revision: 'a36b8b1cd5757287168e54b817830adce9b0158d', time: '2016-06-30 19:26:09'
System info: host: 'Saravanan', ip: '10.100.254.207', os.name: 'Windows 10', os.arch: 'amd64', os.version: '10.0', java.version: '1.8.0_101'
Driver info: org.openqa.selenium.chrome.ChromeDriver
Capabilities [{applicationCacheEnabled=false, rotatable=false, mobileEmulationEnabled=false, chrome={chromedriverVersion=2.22.397933 (1cab651507b88dec79b2b2a22d1943c01833cc1b), userDataDir=C:\Users\SARAVA~1\AppData\Local\Temp\scoped_dir7192_29435}, takesHeapSnapshot=true, databaseEnabled=false, handlesAlerts=true, hasTouchScreen=false, version=52.0.2743.116, platform=XP, browserConnectionEnabled=false, nativeEvents=true, acceptSslCerts=true, locationContextEnabled=true, webStorageEnabled=true, browserName=chrome, takesScreenshot=true, javascriptEnabled=true, cssSelectorsEnabled=true}]
Session ID: 6e1243a5e23352155fc9c77abc4399c8
*** Element info: {Using=id, value=login-btn-sms-desktop}
</error>
  </testcase>
  <testcase name="Scenario: Forgot Password" classname="Scenario: Forgot Password" time="0">
    <error message="no such element: Unable to locate element: {&quot;method&quot;:&quot;id&quot;,&quot;selector&quot;:&quot;login-btn-sms-desktop&quot;}&#10;  (Session info: chrome=52.0.2743.116)&#10;  (Driver info: chromedriver=2.22.397933 (1cab651507b88dec79b2b2a22d1943c01833cc1b),platform=Windows NT 10.0.10586 x86_64) (WARNING: The server did not provide any stacktrace information)&#10;Command duration or timeout: 15.07 seconds&#10;For documentation on this error, please visit: http://seleniumhq.org/exceptions/no_such_element.html&#10;Build info: version: &apos;2.53.1&apos;, revision: &apos;a36b8b1cd5757287168e54b817830adce9b0158d&apos;, time: &apos;2016-06-30 19:26:09&apos;&#10;System info: host: &apos;Saravanan&apos;, ip: &apos;10.100.254.207&apos;, os.name: &apos;Windows 10&apos;, os.arch: &apos;amd64&apos;, os.version: &apos;10.0&apos;, java.version: &apos;1.8.0_101&apos;&#10;Driver info: org.openqa.selenium.chrome.ChromeDriver&#10;Capabilities [{applicationCacheEnabled=false, rotatable=false, mobileEmulationEnabled=false, chrome={chromedriverVersion=2.22.397933 (1cab651507b88dec79b2b2a22d1943c01833cc1b), userDataDir=C:\Users\SARAVA~1\AppData\Local\Temp\scoped_dir7192_29435}, takesHeapSnapshot=true, databaseEnabled=false, handlesAlerts=true, hasTouchScreen=false, version=52.0.2743.116, platform=XP, browserConnectionEnabled=false, nativeEvents=true, acceptSslCerts=true, locationContextEnabled=true, webStorageEnabled=true, browserName=chrome, takesScreenshot=true, javascriptEnabled=true, cssSelectorsEnabled=true}]&#10;Session ID: 6e1243a5e23352155fc9c77abc4399c8&#10;*** Element info: {Using=id, value=login-btn-sms-desktop}" type="org.openqa.selenium.NoSuchElementException">org.openqa.selenium.NoSuchElementException: 
no such element: Unable to locate element: {"method":"id","selector":"login-btn-sms-desktop"}
  (Session info: chrome=52.0.2743.116)
  (Driver info: chromedriver=2.22.397933 (1cab651507b88dec79b2b2a22d1943c01833cc1b),platform=Windows NT 10.0.10586 x86_64) (WARNING: The server did not provide any stacktrace information)
Command duration or timeout: 15.07 seconds
For documentation on this error, please visit: http://seleniumhq.org/exceptions/no_such_element.html
Build info: version: '2.53.1', revision: 'a36b8b1cd5757287168e54b817830adce9b0158d', time: '2016-06-30 19:26:09'
System info: host: 'Saravanan', ip: '10.100.254.207', os.name: 'Windows 10', os.arch: 'amd64', os.version: '10.0', java.version: '1.8.0_101'
Driver info: org.openqa.selenium.chrome.ChromeDriver
Capabilities [{applicationCacheEnabled=false, rotatable=false, mobileEmulationEnabled=false, chrome={chromedriverVersion=2.22.397933 (1cab651507b88dec79b2b2a22d1943c01833cc1b), userDataDir=C:\Users\SARAVA~1\AppData\Local\Temp\scoped_dir7192_29435}, takesHeapSnapshot=true, databaseEnabled=false, handlesAlerts=true, hasTouchScreen=false, version=52.0.2743.116, platform=XP, browserConnectionEnabled=false, nativeEvents=true, acceptSslCerts=true, locationContextEnabled=true, webStorageEnabled=true, browserName=chrome, takesScreenshot=true, javascriptEnabled=true, cssSelectorsEnabled=true}]
Session ID: 6e1243a5e23352155fc9c77abc4399c8
*** Element info: {Using=id, value=login-btn-sms-desktop}
</error>
  </testcase>
  <testcase name="When I provide &quot;2135366248&quot; in PhoneNumber field" classname="Scenario: Forgot Password" time="0">
    <skipped/>
  </testcase>
  <testcase name="And I click on Send Password to My Device button" classname="Scenario: Forgot Password" time="0">
    <skipped/>
  </testcase>
  <testcase name="Then I should see &quot;An SMS with a password will arrive shortly.&quot; message" classname="Scenario: Forgot Password" time="0">
    <skipped/>
  </testcase>
  <testcase name="Then I click on Back To Login button" classname="Scenario: Forgot Password" time="0">
    <skipped/>
  </testcase>
  <testcase name="Then I should see Login Page &quot;/login&quot;" classname="Scenario: Forgot Password" time="0">
    <skipped/>
  </testcase>
</testsuite>