<?xml version="1.0" encoding="UTF-8"?>
<testsuite xmlns:xsi="http://www.w3.org/2001/XMLSchema-instance" xsi:schemaLocation="https://maven.apache.org/surefire/maven-surefire-plugin/xsd/surefire-test-report.xsd" name="Scenario: Purchasing UpData via CC" time="0.053" tests="14" errors="1" skipped="13" failures="0">
  <properties>
[...]
</properties>
  <testcase name="Given I navigate to the MINT Account Management" classname="Scenario: Purchasing UpData via CC" time="0">
    <error type="java.lang.ExceptionInInitializerError">java.lang.ExceptionInInitializerError
Caused by: java.lang.IllegalArgumentException: Invalid browser [safari]
</error>
    <system-out><![CDATA[Feature: MINT Account Management
one
work
]]></system-out>
  </testcase>
  <testcase name="Scenario: Purchasing UpData via CC" classname="Scenario: Purchasing UpData via CC" time="0">
    <error type="java.lang.ExceptionInInitializerError">java.lang.ExceptionInInitializerError
Caused by: java.lang.IllegalArgumentException: Invalid browser [safari]
</error>
  </testcase>
  <testcase name="When I provide &quot;6572669242&quot; in PhoneNumber field" classname="Scenario: Purchasing UpData via CC" time="0">
    <skipped/>
  </testcase>
  <testcase name="And I provide &quot;test123&quot; in Password field" classname="Scenario: Purchasing UpData via CC" time="0">
    <skipped/>
  </testcase>
  <testcase name="Then I click on LogIn button" classname="Scenario: Purchasing UpData via CC" time="0">
    <skipped/>
  </testcase>
  <testcase name="Then I should see MINT Account Management hompage &quot;/account/summary&quot;" classname="Scenario: Purchasing UpData via CC" time="0">
    <skipped/>
  </testcase>
  <testcase name="Then I should see MINT Account Management hompage &quot;/account/summary&quot;" classname="Scenario: Purchasing UpData via CC" time="0">
    <skipped/>
  </testcase>
  <testcase name="When I click on UpData button" classname="Scenario: Purchasing UpData via CC" time="0">
    <skipped/>
  </testcase>
  <testcase name="Then I should see UpData Page &quot;/account/data&quot;" classname="Scenario: Purchasing UpData via CC" time="0">
    <skipped/>
  </testcase>
  <testcase name="Then I click on Continue button for Data &quot;3GB&quot;" classname="Scenario: Purchasing UpData via CC" time="0">
    <skipped/>
  </testcase>
  <testcase name="Then I should see Checkout Page &quot;/account/checkout&quot;" classname="Scenario: Purchasing UpData via CC" time="0">
    <skipped/>
  </testcase>
  <testcase name="Then I select Payment Method as &quot;Credit Card&quot;" classname="Scenario: Purchasing UpData via CC" time="0">
    <skipped/>
  </testcase>
  <testcase name="Then I click on Purchase Now button" classname="Scenario: Purchasing UpData via CC" time="0">
    <skipped/>
  </testcase>
  <testcase name="Then I should see Success Message" classname="Scenario: Purchasing UpData via CC" time="0">
    <skipped/>
  </testcase>
  <testcase name="Then I click on Return to Account Summary button" classname="Scenario: Purchasing UpData via CC" time="0">
    <skipped/>
  </testcase>
</testsuite>