<?xml version="1.0" encoding="UTF-8"?>
<testsuite xmlns:xsi="http://www.w3.org/2001/XMLSchema-instance" xsi:schemaLocation="https://maven.apache.org/surefire/maven-surefire-plugin/xsd/surefire-test-report.xsd" name="stepDefs.Runner.RunnerTest" time="0.002" tests="1" errors="1" skipped="0" failures="0">
  <properties>
[...]
</properties>
  <testcase name="initializationError" classname="stepDefs.Runner.RunnerTest" time="0.001">
    <error message="Error parsing feature file features/MintAccountManagement.feature" type="cucumber.runtime.CucumberException">cucumber.runtime.CucumberException: Error parsing feature file features/MintAccountManagement.feature
Caused by: gherkin.lexer.LexingError: 
Lexing error on line 151: '@Billing Info
Scenario: Update Billing Info 
	Given I navigate to the MINT Account Management
	When I provide "2135366248" in PhoneNumber field 
	And I provide "test123" in Password field
	Then I click on LogIn button
	Then I should see MINT Account Management hompage "/account/summary"
	When I click on Billing Info button
	Then I should see Billing Info Page "/account/billing"
	Then I click on Change Billing Info button
	Then I provide "4067129148899676" in CreditCard field
	Then I provide "110" in CVV field
	Then I provide "12/16" in Expiry field
	Then I provide "Saravanan" in FirstName field
	Then I provide "Ultrasmith" in LastName field
	Then I provide "4676 Tuttles" in Address1 field
	Then I provide "View Drive" in Address2 field
	Then I provide "Dublin" in City field
	Then I provide "OH" in State field
	Then I provide "92626" in ZipCode field
	Then I click on UpDate Billing Info button
	Then I should see Success Message
%_FEATURE_END_%'. See http://wiki.github.com/cucumber/gherkin/lexingerror for more information.
</error>
  </testcase>
</testsuite>